<?xml version="1.0" encoding="UTF-8"?>
<!-- Generated by org.testng.reporters.JUnitXMLReporter -->
<testsuite ignored="0" hostname="DESKTOP-V42TCMT" failures="2" tests="2" name="Test" time="13.31" errors="0" timestamp="2025-05-12T16:43:13 IST">
  <testcase classname="testScript.ManageNewsTest" name="verifyUsercanAddNews" time="3.67">
    <failure type="java.lang.NullPointerException" message="Cannot invoke &amp;quot;org.apache.poi.xssf.usermodel.XSSFSheet.getRow(int)&amp;quot; because &amp;quot;utilities.ExcelUtility.s&amp;quot; is null">
      <![CDATA[java.lang.NullPointerException: Cannot invoke "org.apache.poi.xssf.usermodel.XSSFSheet.getRow(int)" because "utilities.ExcelUtility.s" is null
at utilities.ExcelUtility.readStringData(ExcelUtility.java:30)
at testScript.ManageNewsTest.verifyUsercanAddNews(ManageNewsTest.java:24)
at java.base/java.util.ArrayList.forEach(ArrayList.java:1511)
... Removed 27 stack frames]]>
    </failure>
  </testcase> <!-- verifyUsercanAddNews -->
  <testcase classname="testScript.ManageNewsTest" name="verifyUsercanSearchNews" time="1.743">
    <failure type="java.lang.NullPointerException" message="Cannot invoke &amp;quot;org.apache.poi.xssf.usermodel.XSSFSheet.getRow(int)&amp;quot; because &amp;quot;utilities.ExcelUtility.s&amp;quot; is null">
      <![CDATA[java.lang.NullPointerException: Cannot invoke "org.apache.poi.xssf.usermodel.XSSFSheet.getRow(int)" because "utilities.ExcelUtility.s" is null
at utilities.ExcelUtility.readStringData(ExcelUtility.java:30)
at testScript.ManageNewsTest.verifyUsercanSearchNews(ManageNewsTest.java:42)
at java.base/java.util.ArrayList.forEach(ArrayList.java:1511)
... Removed 27 stack frames]]>
    </failure>
  </testcase> <!-- verifyUsercanSearchNews -->
</testsuite> <!-- Test -->
