<?xml version="1.0" encoding="UTF-8"?>
<!-- Generated by org.testng.reporters.JUnitXMLReporter -->
<testsuite ignored="3" hostname="DESKTOP-V42TCMT" failures="0" tests="0" name="Test" time="0.111" errors="0" timestamp="2025-05-07T20:43:02 IST">
  <testcase classname="testScript.LoginTest" name="verifyUserLoginwithInvalidUsername" time="0.0">
    <ignored/>
  </testcase> <!-- verifyUserLoginwithInvalidUsername -->
  <testcase classname="testScript.LoginTest" name="verifyUserLoginwithInvalidPassword" time="0.0">
    <ignored/>
  </testcase> <!-- verifyUserLoginwithInvalidPassword -->
  <testcase classname="testScript.LoginTest" name="verifyUserLoginwithValidCredentials" time="0.0">
    <ignored/>
  </testcase> <!-- verifyUserLoginwithValidCredentials -->
</testsuite> <!-- Test -->
