<?xml version="1.0" encoding="UTF-8"?>
<!-- Generated by org.testng.reporters.JUnitXMLReporter -->
<testsuite ignored="3" hostname="DESKTOP-V42TCMT" failures="0" tests="1" name="Default test" time="6.207" errors="0" timestamp="2025-04-23T20:23:14 IST">
  <testcase classname="testScript.LoginTest" name="verifyUserLoginwithInvalidCredentials" time="1.796"/>
  <testcase classname="testScript.LoginTest" name="verifyUserLoginwithInvalidUsername" time="0.0">
    <ignored/>
  </testcase> <!-- verifyUserLoginwithInvalidUsername -->
  <testcase classname="testScript.LoginTest" name="verifyUserLoginwithInvalidPassword" time="0.0">
    <ignored/>
  </testcase> <!-- verifyUserLoginwithInvalidPassword -->
  <testcase classname="testScript.LoginTest" name="verifyUserLoginwithValidCredentials" time="0.0">
    <ignored/>
  </testcase> <!-- verifyUserLoginwithValidCredentials -->
</testsuite> <!-- Default test -->
