<?xml version="1.0" encoding="UTF-8"?>
<!-- Generated by org.testng.reporters.JUnitXMLReporter -->
<testsuite ignored="1" hostname="DESKTOP-V42TCMT" failures="0" tests="1" name="Default test" time="5.982" errors="0" timestamp="2025-05-01T18:16:44 IST">
  <testcase classname="testScript.AdminUserTest" name="verifyAdmincanSearchaUser" time="3.012"/>
  <testcase classname="testScript.AdminUserTest" name="verifyAdmincanAddaNewUser" time="0.0">
    <ignored/>
  </testcase> <!-- verifyAdmincanAddaNewUser -->
</testsuite> <!-- Default test -->
