<?xml version="1.0" encoding="UTF-8"?>
<testng-results ignored="0" total="1" passed="1" failed="0" skipped="0">
  <reporter-output>
  </reporter-output>
  <suite started-at="2025-04-23T20:23:08 IST" name="Default suite" finished-at="2025-04-23T20:23:14 IST" duration-ms="6207">
    <groups>
    </groups>
    <test started-at="2025-04-23T20:23:08 IST" name="Default test" finished-at="2025-04-23T20:23:14 IST" duration-ms="6207">
      <class name="testScript.LoginTest">
        <test-method is-config="true" signature="initialiseBrowser()[pri:0, instance:testScript.LoginTest@4686afc2]" started-at="2025-04-23T20:23:08 IST" name="initialiseBrowser" finished-at="2025-04-23T20:23:13 IST" duration-ms="4308" status="PASS">
          <reporter-output>
          </reporter-output>
        </test-method> <!-- initialiseBrowser -->
        <test-method signature="verifyUserLoginwithInvalidCredentials()[pri:0, instance:testScript.LoginTest@4686afc2]" started-at="2025-04-23T20:23:13 IST" name="verifyUserLoginwithInvalidCredentials" finished-at="2025-04-23T20:23:14 IST" duration-ms="1796" status="PASS">
          <reporter-output>
          </reporter-output>
        </test-method> <!-- verifyUserLoginwithInvalidCredentials -->
        <test-method is-config="true" signature="closeAndQuit()[pri:0, instance:testScript.LoginTest@4686afc2]" started-at="2025-04-23T20:23:14 IST" name="closeAndQuit" finished-at="2025-04-23T20:23:14 IST" duration-ms="1" status="PASS">
          <reporter-output>
          </reporter-output>
        </test-method> <!-- closeAndQuit -->
      </class> <!-- testScript.LoginTest -->
    </test> <!-- Default test -->
  </suite> <!-- Default suite -->
</testng-results>
