<?xml version="1.0" encoding="UTF-8"?>
<testng-results ignored="0" total="1" passed="1" failed="0" skipped="0">
  <reporter-output>
  </reporter-output>
  <suite started-at="2025-05-04T00:08:44 IST" name="Default suite" finished-at="2025-05-04T00:08:54 IST" duration-ms="9845">
    <groups>
    </groups>
    <test started-at="2025-05-04T00:08:44 IST" name="Default test" finished-at="2025-05-04T00:08:54 IST" duration-ms="9845">
      <class name="testScript.ManageProductTest">
        <test-method is-config="true" signature="initialiseBrowser()[pri:0, instance:testScript.ManageProductTest@1a6d8329]" started-at="2025-05-04T00:08:44 IST" name="initialiseBrowser" finished-at="2025-05-04T00:08:49 IST" duration-ms="4596" status="PASS">
          <reporter-output>
          </reporter-output>
        </test-method> <!-- initialiseBrowser -->
        <test-method signature="verifyUsercanAddaProduct()[pri:0, instance:testScript.ManageProductTest@1a6d8329]" started-at="2025-05-04T00:08:49 IST" name="verifyUsercanAddaProduct" finished-at="2025-05-04T00:08:54 IST" duration-ms="5193" status="PASS">
          <reporter-output>
          </reporter-output>
        </test-method> <!-- verifyUsercanAddaProduct -->
        <test-method is-config="true" signature="driverQuit(org.testng.ITestResult)[pri:0, instance:testScript.ManageProductTest@1a6d8329]" started-at="2025-05-04T00:08:54 IST" name="driverQuit" finished-at="2025-05-04T00:08:54 IST" duration-ms="4" status="PASS">
          <params>
            <param index="0">
              <value>
                <![CDATA[[TestResult name=verifyUsercanAddaProduct status=SUCCESS method=ManageProductTest.verifyUsercanAddaProduct()[pri:0, instance:testScript.ManageProductTest@1a6d8329] output={null}]]]>
              </value>
            </param>
          </params>
          <reporter-output>
          </reporter-output>
        </test-method> <!-- driverQuit -->
      </class> <!-- testScript.ManageProductTest -->
    </test> <!-- Default test -->
  </suite> <!-- Default suite -->
</testng-results>
