<?xml version="1.0" encoding="UTF-8"?>
<testng-results ignored="0" total="1" passed="1" failed="0" skipped="0">
  <reporter-output>
  </reporter-output>
  <suite started-at="2025-05-05T20:58:46 IST" name="Suite" finished-at="2025-05-05T20:58:54 IST" duration-ms="8102">
    <groups>
    </groups>
    <test started-at="2025-05-05T20:58:46 IST" name="Test" finished-at="2025-05-05T20:58:54 IST" duration-ms="8102">
      <class name="testScript.HomeTest">
        <test-method is-config="true" signature="initialiseBrowser()[pri:0, instance:testScript.HomeTest@5ce8d869]" started-at="2025-05-05T20:58:46 IST" name="initialiseBrowser" finished-at="2025-05-05T20:58:51 IST" duration-ms="4490" status="PASS">
          <reporter-output>
          </reporter-output>
        </test-method> <!-- initialiseBrowser -->
        <test-method signature="verifyUsercanSuccessfullyLogoutAfterLogin()[pri:0, instance:testScript.HomeTest@5ce8d869]" started-at="2025-05-05T20:58:51 IST" name="verifyUsercanSuccessfullyLogoutAfterLogin" finished-at="2025-05-05T20:58:54 IST" duration-ms="3488" status="PASS">
          <reporter-output>
          </reporter-output>
        </test-method> <!-- verifyUsercanSuccessfullyLogoutAfterLogin -->
        <test-method is-config="true" signature="driverQuit(org.testng.ITestResult)[pri:0, instance:testScript.HomeTest@5ce8d869]" started-at="2025-05-05T20:58:54 IST" name="driverQuit" finished-at="2025-05-05T20:58:54 IST" duration-ms="5" status="PASS">
          <params>
            <param index="0">
              <value>
                <![CDATA[[TestResult name=verifyUsercanSuccessfullyLogoutAfterLogin status=SUCCESS method=HomeTest.verifyUsercanSuccessfullyLogoutAfterLogin()[pri:0, instance:testScript.HomeTest@5ce8d869] output={null}]]]>
              </value>
            </param>
          </params>
          <reporter-output>
          </reporter-output>
        </test-method> <!-- driverQuit -->
      </class> <!-- testScript.HomeTest -->
    </test> <!-- Test -->
  </suite> <!-- Suite -->
</testng-results>
