<?xml version="1.0" encoding="UTF-8"?>
<testng-results ignored="0" total="1" passed="1" failed="0" skipped="0">
  <reporter-output>
  </reporter-output>
  <suite started-at="2025-05-06T18:26:58 IST" name="Default suite" finished-at="2025-05-06T18:27:07 IST" duration-ms="9057">
    <groups>
    </groups>
    <test started-at="2025-05-06T18:26:58 IST" name="Default test" finished-at="2025-05-06T18:27:07 IST" duration-ms="9057">
      <class name="testScript.ManageNewsTest">
        <test-method is-config="true" signature="initialiseBrowser()[pri:0, instance:testScript.ManageNewsTest@60099951]" started-at="2025-05-06T18:26:58 IST" name="initialiseBrowser" finished-at="2025-05-06T18:27:03 IST" duration-ms="4311" status="PASS">
          <reporter-output>
          </reporter-output>
        </test-method> <!-- initialiseBrowser -->
        <test-method signature="verifyUsercanAddNews()[pri:1, instance:testScript.ManageNewsTest@60099951]" started-at="2025-05-06T18:27:03 IST" name="verifyUsercanAddNews" description="Verify whether the user is able to successfully add the news" finished-at="2025-05-06T18:27:07 IST" duration-ms="4689" status="PASS">
          <reporter-output>
          </reporter-output>
        </test-method> <!-- verifyUsercanAddNews -->
        <test-method is-config="true" signature="driverQuit(org.testng.ITestResult)[pri:0, instance:testScript.ManageNewsTest@60099951]" started-at="2025-05-06T18:27:07 IST" name="driverQuit" finished-at="2025-05-06T18:27:07 IST" duration-ms="3" status="PASS">
          <params>
            <param index="0">
              <value>
                <![CDATA[[TestResult name=verifyUsercanAddNews status=SUCCESS method=ManageNewsTest.verifyUsercanAddNews()[pri:1, instance:testScript.ManageNewsTest@60099951] output={null}]]]>
              </value>
            </param>
          </params>
          <reporter-output>
          </reporter-output>
        </test-method> <!-- driverQuit -->
      </class> <!-- testScript.ManageNewsTest -->
    </test> <!-- Default test -->
  </suite> <!-- Default suite -->
</testng-results>
