<?xml version="1.0" encoding="UTF-8"?>
<testng-results ignored="0" total="3" passed="3" failed="0" skipped="0">
  <reporter-output>
  </reporter-output>
  <suite started-at="2025-05-06T21:07:24 IST" name="Crossbrowser" finished-at="2025-05-06T21:08:20 IST" duration-ms="55639">
    <groups>
    </groups>
    <test started-at="2025-05-06T21:07:24 IST" name="ChromeTest" finished-at="2025-05-06T21:07:35 IST" duration-ms="10206">
      <class name="testScript.HomeTest">
        <test-method is-config="true" signature="initialiseBrowser(java.lang.String)[pri:0, instance:testScript.HomeTest@71ba6d4e]" started-at="2025-05-06T21:07:24 IST" name="initialiseBrowser" finished-at="2025-05-06T21:07:31 IST" duration-ms="7019" status="PASS">
          <params>
            <param index="0">
              <value>
                <![CDATA[Chrome]]>
              </value>
            </param>
          </params>
          <reporter-output>
          </reporter-output>
        </test-method> <!-- initialiseBrowser -->
        <test-method signature="verifyUsercanSuccessfullyLogoutAfterLogin()[pri:0, instance:testScript.HomeTest@71ba6d4e]" started-at="2025-05-06T21:07:32 IST" name="verifyUsercanSuccessfullyLogoutAfterLogin" finished-at="2025-05-06T21:07:35 IST" duration-ms="3130" status="PASS">
          <reporter-output>
          </reporter-output>
        </test-method> <!-- verifyUsercanSuccessfullyLogoutAfterLogin -->
        <test-method is-config="true" signature="driverQuit(org.testng.ITestResult)[pri:0, instance:testScript.HomeTest@71ba6d4e]" started-at="2025-05-06T21:07:35 IST" name="driverQuit" finished-at="2025-05-06T21:07:35 IST" duration-ms="1" status="PASS">
          <params>
            <param index="0">
              <value>
                <![CDATA[[TestResult name=verifyUsercanSuccessfullyLogoutAfterLogin status=SUCCESS method=HomeTest.verifyUsercanSuccessfullyLogoutAfterLogin()[pri:0, instance:testScript.HomeTest@71ba6d4e] output={null}]]]>
              </value>
            </param>
          </params>
          <reporter-output>
          </reporter-output>
        </test-method> <!-- driverQuit -->
      </class> <!-- testScript.HomeTest -->
    </test> <!-- ChromeTest -->
    <test started-at="2025-05-06T21:07:35 IST" name="EdgeTest" finished-at="2025-05-06T21:07:42 IST" duration-ms="7574">
      <class name="testScript.HomeTest">
        <test-method is-config="true" signature="initialiseBrowser(java.lang.String)[pri:0, instance:testScript.HomeTest@1caa0244]" started-at="2025-05-06T21:07:35 IST" name="initialiseBrowser" finished-at="2025-05-06T21:07:41 IST" duration-ms="5871" status="PASS">
          <params>
            <param index="0">
              <value>
                <![CDATA[Edge]]>
              </value>
            </param>
          </params>
          <reporter-output>
          </reporter-output>
        </test-method> <!-- initialiseBrowser -->
        <test-method signature="verifyUsercanSuccessfullyLogoutAfterLogin()[pri:0, instance:testScript.HomeTest@1caa0244]" started-at="2025-05-06T21:07:41 IST" name="verifyUsercanSuccessfullyLogoutAfterLogin" finished-at="2025-05-06T21:07:42 IST" duration-ms="1699" status="PASS">
          <reporter-output>
          </reporter-output>
        </test-method> <!-- verifyUsercanSuccessfullyLogoutAfterLogin -->
        <test-method is-config="true" signature="driverQuit(org.testng.ITestResult)[pri:0, instance:testScript.HomeTest@1caa0244]" started-at="2025-05-06T21:07:42 IST" name="driverQuit" finished-at="2025-05-06T21:07:42 IST" duration-ms="1" status="PASS">
          <params>
            <param index="0">
              <value>
                <![CDATA[[TestResult name=verifyUsercanSuccessfullyLogoutAfterLogin status=SUCCESS method=HomeTest.verifyUsercanSuccessfullyLogoutAfterLogin()[pri:0, instance:testScript.HomeTest@1caa0244] output={null}]]]>
              </value>
            </param>
          </params>
          <reporter-output>
          </reporter-output>
        </test-method> <!-- driverQuit -->
      </class> <!-- testScript.HomeTest -->
    </test> <!-- EdgeTest -->
    <test started-at="2025-05-06T21:07:42 IST" name="FirefoxTest" finished-at="2025-05-06T21:08:20 IST" duration-ms="37804">
      <class name="testScript.HomeTest">
        <test-method is-config="true" signature="initialiseBrowser(java.lang.String)[pri:0, instance:testScript.HomeTest@7ce69770]" started-at="2025-05-06T21:07:42 IST" name="initialiseBrowser" finished-at="2025-05-06T21:08:18 IST" duration-ms="35624" status="PASS">
          <params>
            <param index="0">
              <value>
                <![CDATA[Firefox]]>
              </value>
            </param>
          </params>
          <reporter-output>
          </reporter-output>
        </test-method> <!-- initialiseBrowser -->
        <test-method signature="verifyUsercanSuccessfullyLogoutAfterLogin()[pri:0, instance:testScript.HomeTest@7ce69770]" started-at="2025-05-06T21:08:18 IST" name="verifyUsercanSuccessfullyLogoutAfterLogin" finished-at="2025-05-06T21:08:20 IST" duration-ms="2175" status="PASS">
          <reporter-output>
          </reporter-output>
        </test-method> <!-- verifyUsercanSuccessfullyLogoutAfterLogin -->
        <test-method is-config="true" signature="driverQuit(org.testng.ITestResult)[pri:0, instance:testScript.HomeTest@7ce69770]" started-at="2025-05-06T21:08:20 IST" name="driverQuit" finished-at="2025-05-06T21:08:20 IST" duration-ms="1" status="PASS">
          <params>
            <param index="0">
              <value>
                <![CDATA[[TestResult name=verifyUsercanSuccessfullyLogoutAfterLogin status=SUCCESS method=HomeTest.verifyUsercanSuccessfullyLogoutAfterLogin()[pri:0, instance:testScript.HomeTest@7ce69770] output={null}]]]>
              </value>
            </param>
          </params>
          <reporter-output>
          </reporter-output>
        </test-method> <!-- driverQuit -->
      </class> <!-- testScript.HomeTest -->
    </test> <!-- FirefoxTest -->
  </suite> <!-- Crossbrowser -->
</testng-results>
