<?xml version="1.0" encoding="UTF-8"?>
<testng-results ignored="0" total="1" passed="1" failed="0" skipped="0">
  <reporter-output>
  </reporter-output>
  <suite started-at="2025-05-06T18:01:33 IST" name="Default suite" finished-at="2025-05-06T18:01:43 IST" duration-ms="9726">
    <groups>
    </groups>
    <test started-at="2025-05-06T18:01:33 IST" name="Default test" finished-at="2025-05-06T18:01:43 IST" duration-ms="9726">
      <class name="testScript.SubCategoryTest">
        <test-method is-config="true" signature="initialiseBrowser()[pri:0, instance:testScript.SubCategoryTest@1a6d8329]" started-at="2025-05-06T18:01:33 IST" name="initialiseBrowser" finished-at="2025-05-06T18:01:37 IST" duration-ms="4471" status="PASS">
          <reporter-output>
          </reporter-output>
        </test-method> <!-- initialiseBrowser -->
        <test-method signature="verifyUsercanAddNewSubCategory()[pri:0, instance:testScript.SubCategoryTest@1a6d8329]" started-at="2025-05-06T18:01:37 IST" name="verifyUsercanAddNewSubCategory" finished-at="2025-05-06T18:01:43 IST" duration-ms="5194" status="PASS">
          <reporter-output>
          </reporter-output>
        </test-method> <!-- verifyUsercanAddNewSubCategory -->
        <test-method is-config="true" signature="driverQuit(org.testng.ITestResult)[pri:0, instance:testScript.SubCategoryTest@1a6d8329]" started-at="2025-05-06T18:01:43 IST" name="driverQuit" finished-at="2025-05-06T18:01:43 IST" duration-ms="3" status="PASS">
          <params>
            <param index="0">
              <value>
                <![CDATA[[TestResult name=verifyUsercanAddNewSubCategory status=SUCCESS method=SubCategoryTest.verifyUsercanAddNewSubCategory()[pri:0, instance:testScript.SubCategoryTest@1a6d8329] output={null}]]]>
              </value>
            </param>
          </params>
          <reporter-output>
          </reporter-output>
        </test-method> <!-- driverQuit -->
      </class> <!-- testScript.SubCategoryTest -->
    </test> <!-- Default test -->
  </suite> <!-- Default suite -->
</testng-results>
