<?xml version="1.0" encoding="UTF-8"?>
<testng-results ignored="0" total="10" passed="10" failed="0" skipped="0">
  <reporter-output>
  </reporter-output>
  <suite started-at="2025-05-15T13:39:31 IST" name="Suite" finished-at="2025-05-15T13:40:15 IST" duration-ms="43689">
    <groups>
      <group name="smoke">
        <method signature="LoginTest.verifyUserLoginwithInvalidUsername()[pri:2, instance:testScript.LoginTest@53941c2f]" name="verifyUserLoginwithInvalidUsername" class="testScript.LoginTest"/>
        <method signature="LoginTest.verifyUserLoginwithInvalidPassword()[pri:3, instance:testScript.LoginTest@53941c2f]" name="verifyUserLoginwithInvalidPassword" class="testScript.LoginTest"/>
      </group> <!-- smoke -->
    </groups>
    <test started-at="2025-05-15T13:39:31 IST" name="Test" finished-at="2025-05-15T13:40:15 IST" duration-ms="43689">
      <class name="testScript.LoginTest">
        <test-method is-config="true" signature="initialiseBrowser(java.lang.String)[pri:0, instance:testScript.LoginTest@53941c2f]" started-at="2025-05-15T13:39:32 IST" name="initialiseBrowser" finished-at="2025-05-15T13:39:35 IST" duration-ms="3215" status="PASS">
          <params>
            <param index="0">
              <value>
                <![CDATA[Chrome]]>
              </value>
            </param>
          </params>
          <reporter-output>
          </reporter-output>
        </test-method> <!-- initialiseBrowser -->
        <test-method signature="verifyUserLoginwithValidCredentials()[pri:1, instance:testScript.LoginTest@53941c2f]" started-at="2025-05-15T13:39:35 IST" name="verifyUserLoginwithValidCredentials" description="verifying whether the user is able to successfully login with valid credentials" finished-at="2025-05-15T13:39:36 IST" duration-ms="1715" status="PASS">
          <reporter-output>
          </reporter-output>
        </test-method> <!-- verifyUserLoginwithValidCredentials -->
        <test-method is-config="true" signature="driverQuit(org.testng.ITestResult)[pri:0, instance:testScript.LoginTest@53941c2f]" started-at="2025-05-15T13:39:36 IST" name="driverQuit" finished-at="2025-05-15T13:39:37 IST" duration-ms="188" status="PASS">
          <params>
            <param index="0">
              <value>
                <![CDATA[[TestResult name=verifyUserLoginwithValidCredentials status=SUCCESS method=LoginTest.verifyUserLoginwithValidCredentials()[pri:1, instance:testScript.LoginTest@53941c2f] output={null}]]]>
              </value>
            </param>
          </params>
          <reporter-output>
          </reporter-output>
        </test-method> <!-- driverQuit -->
        <test-method is-config="true" signature="initialiseBrowser(java.lang.String)[pri:0, instance:testScript.LoginTest@53941c2f]" started-at="2025-05-15T13:39:37 IST" name="initialiseBrowser" finished-at="2025-05-15T13:39:39 IST" duration-ms="2513" status="PASS">
          <params>
            <param index="0">
              <value>
                <![CDATA[Chrome]]>
              </value>
            </param>
          </params>
          <reporter-output>
          </reporter-output>
        </test-method> <!-- initialiseBrowser -->
        <test-method signature="verifyUserLoginwithInvalidUsername()[pri:2, instance:testScript.LoginTest@53941c2f]" started-at="2025-05-15T13:39:39 IST" name="verifyUserLoginwithInvalidUsername" description="verifying whether the user is unable to successfully login with invalid username" finished-at="2025-05-15T13:39:40 IST" duration-ms="544" status="PASS">
          <reporter-output>
          </reporter-output>
        </test-method> <!-- verifyUserLoginwithInvalidUsername -->
        <test-method is-config="true" signature="driverQuit(org.testng.ITestResult)[pri:0, instance:testScript.LoginTest@53941c2f]" started-at="2025-05-15T13:39:40 IST" name="driverQuit" finished-at="2025-05-15T13:39:40 IST" duration-ms="132" status="PASS">
          <params>
            <param index="0">
              <value>
                <![CDATA[[TestResult name=verifyUserLoginwithInvalidUsername status=SUCCESS method=LoginTest.verifyUserLoginwithInvalidUsername()[pri:2, instance:testScript.LoginTest@53941c2f] output={null}]]]>
              </value>
            </param>
          </params>
          <reporter-output>
          </reporter-output>
        </test-method> <!-- driverQuit -->
        <test-method is-config="true" signature="initialiseBrowser(java.lang.String)[pri:0, instance:testScript.LoginTest@53941c2f]" started-at="2025-05-15T13:39:40 IST" name="initialiseBrowser" finished-at="2025-05-15T13:39:42 IST" duration-ms="2301" status="PASS">
          <params>
            <param index="0">
              <value>
                <![CDATA[Chrome]]>
              </value>
            </param>
          </params>
          <reporter-output>
          </reporter-output>
        </test-method> <!-- initialiseBrowser -->
        <test-method signature="verifyUserLoginwithInvalidPassword()[pri:3, instance:testScript.LoginTest@53941c2f]" started-at="2025-05-15T13:39:42 IST" name="verifyUserLoginwithInvalidPassword" description="verify whether the user is unable to successfully login with invalid password" finished-at="2025-05-15T13:39:43 IST" duration-ms="590" status="PASS">
          <reporter-output>
          </reporter-output>
        </test-method> <!-- verifyUserLoginwithInvalidPassword -->
        <test-method is-config="true" signature="driverQuit(org.testng.ITestResult)[pri:0, instance:testScript.LoginTest@53941c2f]" started-at="2025-05-15T13:39:43 IST" name="driverQuit" finished-at="2025-05-15T13:39:43 IST" duration-ms="138" status="PASS">
          <params>
            <param index="0">
              <value>
                <![CDATA[[TestResult name=verifyUserLoginwithInvalidPassword status=SUCCESS method=LoginTest.verifyUserLoginwithInvalidPassword()[pri:3, instance:testScript.LoginTest@53941c2f] output={null}]]]>
              </value>
            </param>
          </params>
          <reporter-output>
          </reporter-output>
        </test-method> <!-- driverQuit -->
        <test-method is-config="true" signature="initialiseBrowser(java.lang.String)[pri:0, instance:testScript.LoginTest@53941c2f]" started-at="2025-05-15T13:39:43 IST" name="initialiseBrowser" finished-at="2025-05-15T13:39:45 IST" duration-ms="2379" status="PASS">
          <params>
            <param index="0">
              <value>
                <![CDATA[Chrome]]>
              </value>
            </param>
          </params>
          <reporter-output>
          </reporter-output>
        </test-method> <!-- initialiseBrowser -->
        <test-method signature="verifyUserLoginwithInvalidCredentials(java.lang.String,java.lang.String)[pri:4, instance:testScript.LoginTest@53941c2f]" started-at="2025-05-15T13:39:45 IST" name="verifyUserLoginwithInvalidCredentials" description="verifying whether the user is unable to successfully login with Invalid credentials" data-provider="loginProvider" finished-at="2025-05-15T13:39:46 IST" duration-ms="520" status="PASS">
          <params>
            <param index="0">
              <value>
                <![CDATA[123]]>
              </value>
            </param>
            <param index="1">
              <value>
                <![CDATA[admin]]>
              </value>
            </param>
          </params>
          <reporter-output>
          </reporter-output>
        </test-method> <!-- verifyUserLoginwithInvalidCredentials -->
        <test-method is-config="true" signature="driverQuit(org.testng.ITestResult)[pri:0, instance:testScript.LoginTest@53941c2f]" started-at="2025-05-15T13:39:46 IST" name="driverQuit" finished-at="2025-05-15T13:39:46 IST" duration-ms="147" status="PASS">
          <params>
            <param index="0">
              <value>
                <![CDATA[[TestResult name=verifyUserLoginwithInvalidCredentials status=SUCCESS method=LoginTest.verifyUserLoginwithInvalidCredentials(java.lang.String,java.lang.String)[pri:4, instance:testScript.LoginTest@53941c2f] output={null}]]]>
              </value>
            </param>
          </params>
          <reporter-output>
          </reporter-output>
        </test-method> <!-- driverQuit -->
      </class> <!-- testScript.LoginTest -->
      <class name="testScript.ManageCategoryTest">
        <test-method is-config="true" signature="initialiseBrowser(java.lang.String)[pri:0, instance:testScript.ManageCategoryTest@648c94da]" started-at="2025-05-15T13:40:10 IST" name="initialiseBrowser" finished-at="2025-05-15T13:40:12 IST" duration-ms="2372" status="PASS">
          <params>
            <param index="0">
              <value>
                <![CDATA[Chrome]]>
              </value>
            </param>
          </params>
          <reporter-output>
          </reporter-output>
        </test-method> <!-- initialiseBrowser -->
        <test-method signature="verifyWhetherUserIsAbleToCreateNEwCategory()[pri:0, instance:testScript.ManageCategoryTest@648c94da]" started-at="2025-05-15T13:40:12 IST" name="verifyWhetherUserIsAbleToCreateNEwCategory" description="To verify whether user is able to create new category" finished-at="2025-05-15T13:40:15 IST" duration-ms="2852" status="PASS">
          <reporter-output>
          </reporter-output>
        </test-method> <!-- verifyWhetherUserIsAbleToCreateNEwCategory -->
        <test-method is-config="true" signature="driverQuit(org.testng.ITestResult)[pri:0, instance:testScript.ManageCategoryTest@648c94da]" started-at="2025-05-15T13:40:15 IST" name="driverQuit" finished-at="2025-05-15T13:40:15 IST" duration-ms="141" status="PASS">
          <params>
            <param index="0">
              <value>
                <![CDATA[[TestResult name=verifyWhetherUserIsAbleToCreateNEwCategory status=SUCCESS method=ManageCategoryTest.verifyWhetherUserIsAbleToCreateNEwCategory()[pri:0, instance:testScript.ManageCategoryTest@648c94da] output={null}]]]>
              </value>
            </param>
          </params>
          <reporter-output>
          </reporter-output>
        </test-method> <!-- driverQuit -->
      </class> <!-- testScript.ManageCategoryTest -->
      <class name="testScript.ManageNewsTest">
        <test-method is-config="true" signature="initialiseBrowser(java.lang.String)[pri:0, instance:testScript.ManageNewsTest@5e4bd84a]" started-at="2025-05-15T13:40:00 IST" name="initialiseBrowser" finished-at="2025-05-15T13:40:03 IST" duration-ms="2412" status="PASS">
          <params>
            <param index="0">
              <value>
                <![CDATA[Chrome]]>
              </value>
            </param>
          </params>
          <reporter-output>
          </reporter-output>
        </test-method> <!-- initialiseBrowser -->
        <test-method signature="verifyUsercanAddNews()[pri:1, instance:testScript.ManageNewsTest@5e4bd84a]" started-at="2025-05-15T13:40:03 IST" name="verifyUsercanAddNews" description="Verify whether the user is able to successfully add the news" finished-at="2025-05-15T13:40:05 IST" duration-ms="2407" status="PASS">
          <reporter-output>
          </reporter-output>
        </test-method> <!-- verifyUsercanAddNews -->
        <test-method is-config="true" signature="driverQuit(org.testng.ITestResult)[pri:0, instance:testScript.ManageNewsTest@5e4bd84a]" started-at="2025-05-15T13:40:05 IST" name="driverQuit" finished-at="2025-05-15T13:40:05 IST" duration-ms="153" status="PASS">
          <params>
            <param index="0">
              <value>
                <![CDATA[[TestResult name=verifyUsercanAddNews status=SUCCESS method=ManageNewsTest.verifyUsercanAddNews()[pri:1, instance:testScript.ManageNewsTest@5e4bd84a] output={null}]]]>
              </value>
            </param>
          </params>
          <reporter-output>
          </reporter-output>
        </test-method> <!-- driverQuit -->
        <test-method is-config="true" signature="initialiseBrowser(java.lang.String)[pri:0, instance:testScript.ManageNewsTest@5e4bd84a]" started-at="2025-05-15T13:40:05 IST" name="initialiseBrowser" finished-at="2025-05-15T13:40:08 IST" duration-ms="2477" status="PASS">
          <params>
            <param index="0">
              <value>
                <![CDATA[Chrome]]>
              </value>
            </param>
          </params>
          <reporter-output>
          </reporter-output>
        </test-method> <!-- initialiseBrowser -->
        <test-method signature="verifyUsercanSearchNews()[pri:2, instance:testScript.ManageNewsTest@5e4bd84a]" started-at="2025-05-15T13:40:08 IST" name="verifyUsercanSearchNews" description="Verify whether the user is able to successfully search the news" finished-at="2025-05-15T13:40:10 IST" duration-ms="1753" status="PASS">
          <reporter-output>
          </reporter-output>
        </test-method> <!-- verifyUsercanSearchNews -->
        <test-method is-config="true" signature="driverQuit(org.testng.ITestResult)[pri:0, instance:testScript.ManageNewsTest@5e4bd84a]" started-at="2025-05-15T13:40:10 IST" name="driverQuit" finished-at="2025-05-15T13:40:10 IST" duration-ms="157" status="PASS">
          <params>
            <param index="0">
              <value>
                <![CDATA[[TestResult name=verifyUsercanSearchNews status=SUCCESS method=ManageNewsTest.verifyUsercanSearchNews()[pri:2, instance:testScript.ManageNewsTest@5e4bd84a] output={null}]]]>
              </value>
            </param>
          </params>
          <reporter-output>
          </reporter-output>
        </test-method> <!-- driverQuit -->
      </class> <!-- testScript.ManageNewsTest -->
      <class name="testScript.HomeTest">
        <test-method is-config="true" signature="initialiseBrowser(java.lang.String)[pri:0, instance:testScript.HomeTest@344f4dea]" started-at="2025-05-15T13:39:46 IST" name="initialiseBrowser" finished-at="2025-05-15T13:39:48 IST" duration-ms="2411" status="PASS">
          <params>
            <param index="0">
              <value>
                <![CDATA[Chrome]]>
              </value>
            </param>
          </params>
          <reporter-output>
          </reporter-output>
        </test-method> <!-- initialiseBrowser -->
        <test-method signature="verifyUsercanSuccessfullyLogoutAfterLogin()[pri:1, instance:testScript.HomeTest@344f4dea]" started-at="2025-05-15T13:39:48 IST" name="verifyUsercanSuccessfullyLogoutAfterLogin" description="Verify whether the user can able to successfully Logout after login" finished-at="2025-05-15T13:39:50 IST" duration-ms="1533" status="PASS">
          <reporter-output>
          </reporter-output>
        </test-method> <!-- verifyUsercanSuccessfullyLogoutAfterLogin -->
        <test-method is-config="true" signature="driverQuit(org.testng.ITestResult)[pri:0, instance:testScript.HomeTest@344f4dea]" started-at="2025-05-15T13:39:50 IST" name="driverQuit" finished-at="2025-05-15T13:39:50 IST" duration-ms="138" status="PASS">
          <params>
            <param index="0">
              <value>
                <![CDATA[[TestResult name=verifyUsercanSuccessfullyLogoutAfterLogin status=SUCCESS method=HomeTest.verifyUsercanSuccessfullyLogoutAfterLogin()[pri:1, instance:testScript.HomeTest@344f4dea] output={null}]]]>
              </value>
            </param>
          </params>
          <reporter-output>
          </reporter-output>
        </test-method> <!-- driverQuit -->
      </class> <!-- testScript.HomeTest -->
      <class name="testScript.AdminUserTest">
        <test-method is-config="true" signature="initialiseBrowser(java.lang.String)[pri:0, instance:testScript.AdminUserTest@1b7c473a]" started-at="2025-05-15T13:39:50 IST" name="initialiseBrowser" finished-at="2025-05-15T13:39:52 IST" duration-ms="2369" status="PASS">
          <params>
            <param index="0">
              <value>
                <![CDATA[Chrome]]>
              </value>
            </param>
          </params>
          <reporter-output>
          </reporter-output>
        </test-method> <!-- initialiseBrowser -->
        <test-method signature="verifyAdmincanAddaNewUser()[pri:1, instance:testScript.AdminUserTest@1b7c473a]" started-at="2025-05-15T13:39:52 IST" name="verifyAdmincanAddaNewUser" description="verifying whether the admin is able to add new user" finished-at="2025-05-15T13:39:56 IST" duration-ms="3115" status="PASS">
          <reporter-output>
          </reporter-output>
        </test-method> <!-- verifyAdmincanAddaNewUser -->
        <test-method is-config="true" signature="driverQuit(org.testng.ITestResult)[pri:0, instance:testScript.AdminUserTest@1b7c473a]" started-at="2025-05-15T13:39:56 IST" name="driverQuit" finished-at="2025-05-15T13:39:56 IST" duration-ms="128" status="PASS">
          <params>
            <param index="0">
              <value>
                <![CDATA[[TestResult name=verifyAdmincanAddaNewUser status=SUCCESS method=AdminUserTest.verifyAdmincanAddaNewUser()[pri:1, instance:testScript.AdminUserTest@1b7c473a] output={null}]]]>
              </value>
            </param>
          </params>
          <reporter-output>
          </reporter-output>
        </test-method> <!-- driverQuit -->
        <test-method is-config="true" signature="initialiseBrowser(java.lang.String)[pri:0, instance:testScript.AdminUserTest@1b7c473a]" started-at="2025-05-15T13:39:56 IST" name="initialiseBrowser" finished-at="2025-05-15T13:39:58 IST" duration-ms="2453" status="PASS">
          <params>
            <param index="0">
              <value>
                <![CDATA[Chrome]]>
              </value>
            </param>
          </params>
          <reporter-output>
          </reporter-output>
        </test-method> <!-- initialiseBrowser -->
        <test-method signature="verifyAdmincanSearchaUser()[pri:2, instance:testScript.AdminUserTest@1b7c473a]" started-at="2025-05-15T13:39:58 IST" name="verifyAdmincanSearchaUser" description="verifying whether the admin is able to search the user" finished-at="2025-05-15T13:40:00 IST" duration-ms="2183" status="PASS">
          <reporter-output>
          </reporter-output>
        </test-method> <!-- verifyAdmincanSearchaUser -->
        <test-method is-config="true" signature="driverQuit(org.testng.ITestResult)[pri:0, instance:testScript.AdminUserTest@1b7c473a]" started-at="2025-05-15T13:40:00 IST" name="driverQuit" finished-at="2025-05-15T13:40:00 IST" duration-ms="140" status="PASS">
          <params>
            <param index="0">
              <value>
                <![CDATA[[TestResult name=verifyAdmincanSearchaUser status=SUCCESS method=AdminUserTest.verifyAdmincanSearchaUser()[pri:2, instance:testScript.AdminUserTest@1b7c473a] output={null}]]]>
              </value>
            </param>
          </params>
          <reporter-output>
          </reporter-output>
        </test-method> <!-- driverQuit -->
      </class> <!-- testScript.AdminUserTest -->
    </test> <!-- Test -->
  </suite> <!-- Suite -->
</testng-results>
