<?xml version="1.0" encoding="UTF-8"?>
<testng-results ignored="0" total="10" passed="10" failed="0" skipped="0">
  <reporter-output>
  </reporter-output>
  <suite started-at="2025-05-15T13:51:26 IST" name="Suite" finished-at="2025-05-15T13:52:12 IST" duration-ms="46237">
    <groups>
      <group name="smoke">
        <method signature="LoginTest.verifyUserLoginwithInvalidUsername()[pri:2, instance:testScript.LoginTest@53941c2f]" name="verifyUserLoginwithInvalidUsername" class="testScript.LoginTest"/>
        <method signature="LoginTest.verifyUserLoginwithInvalidPassword()[pri:3, instance:testScript.LoginTest@53941c2f]" name="verifyUserLoginwithInvalidPassword" class="testScript.LoginTest"/>
      </group> <!-- smoke -->
    </groups>
    <test started-at="2025-05-15T13:51:26 IST" name="Test" finished-at="2025-05-15T13:52:12 IST" duration-ms="46237">
      <class name="testScript.LoginTest">
        <test-method is-config="true" signature="initialiseBrowser(java.lang.String)[pri:0, instance:testScript.LoginTest@53941c2f]" started-at="2025-05-15T13:51:26 IST" name="initialiseBrowser" finished-at="2025-05-15T13:51:31 IST" duration-ms="4683" status="PASS">
          <params>
            <param index="0">
              <value>
                <![CDATA[Chrome]]>
              </value>
            </param>
          </params>
          <reporter-output>
          </reporter-output>
        </test-method> <!-- initialiseBrowser -->
        <test-method signature="verifyUserLoginwithValidCredentials()[pri:1, instance:testScript.LoginTest@53941c2f]" started-at="2025-05-15T13:51:31 IST" name="verifyUserLoginwithValidCredentials" description="verifying whether the user is able to successfully login with valid credentials" finished-at="2025-05-15T13:51:33 IST" duration-ms="2418" status="PASS">
          <reporter-output>
          </reporter-output>
        </test-method> <!-- verifyUserLoginwithValidCredentials -->
        <test-method is-config="true" signature="driverQuit(org.testng.ITestResult)[pri:0, instance:testScript.LoginTest@53941c2f]" started-at="2025-05-15T13:51:33 IST" name="driverQuit" finished-at="2025-05-15T13:51:33 IST" duration-ms="231" status="PASS">
          <params>
            <param index="0">
              <value>
                <![CDATA[[TestResult name=verifyUserLoginwithValidCredentials status=SUCCESS method=LoginTest.verifyUserLoginwithValidCredentials()[pri:1, instance:testScript.LoginTest@53941c2f] output={null}]]]>
              </value>
            </param>
          </params>
          <reporter-output>
          </reporter-output>
        </test-method> <!-- driverQuit -->
        <test-method is-config="true" signature="initialiseBrowser(java.lang.String)[pri:0, instance:testScript.LoginTest@53941c2f]" started-at="2025-05-15T13:51:33 IST" name="initialiseBrowser" finished-at="2025-05-15T13:51:36 IST" duration-ms="3111" status="PASS">
          <params>
            <param index="0">
              <value>
                <![CDATA[Chrome]]>
              </value>
            </param>
          </params>
          <reporter-output>
          </reporter-output>
        </test-method> <!-- initialiseBrowser -->
        <test-method signature="verifyUserLoginwithInvalidUsername()[pri:2, instance:testScript.LoginTest@53941c2f]" started-at="2025-05-15T13:51:36 IST" name="verifyUserLoginwithInvalidUsername" description="verifying whether the user is unable to successfully login with invalid username" finished-at="2025-05-15T13:51:37 IST" duration-ms="554" status="PASS">
          <reporter-output>
          </reporter-output>
        </test-method> <!-- verifyUserLoginwithInvalidUsername -->
        <test-method is-config="true" signature="driverQuit(org.testng.ITestResult)[pri:0, instance:testScript.LoginTest@53941c2f]" started-at="2025-05-15T13:51:37 IST" name="driverQuit" finished-at="2025-05-15T13:51:37 IST" duration-ms="133" status="PASS">
          <params>
            <param index="0">
              <value>
                <![CDATA[[TestResult name=verifyUserLoginwithInvalidUsername status=SUCCESS method=LoginTest.verifyUserLoginwithInvalidUsername()[pri:2, instance:testScript.LoginTest@53941c2f] output={null}]]]>
              </value>
            </param>
          </params>
          <reporter-output>
          </reporter-output>
        </test-method> <!-- driverQuit -->
        <test-method is-config="true" signature="initialiseBrowser(java.lang.String)[pri:0, instance:testScript.LoginTest@53941c2f]" started-at="2025-05-15T13:51:37 IST" name="initialiseBrowser" finished-at="2025-05-15T13:51:40 IST" duration-ms="2413" status="PASS">
          <params>
            <param index="0">
              <value>
                <![CDATA[Chrome]]>
              </value>
            </param>
          </params>
          <reporter-output>
          </reporter-output>
        </test-method> <!-- initialiseBrowser -->
        <test-method signature="verifyUserLoginwithInvalidPassword()[pri:3, instance:testScript.LoginTest@53941c2f]" started-at="2025-05-15T13:51:40 IST" name="verifyUserLoginwithInvalidPassword" description="verify whether the user is unable to successfully login with invalid password" finished-at="2025-05-15T13:51:40 IST" duration-ms="549" status="PASS">
          <reporter-output>
          </reporter-output>
        </test-method> <!-- verifyUserLoginwithInvalidPassword -->
        <test-method is-config="true" signature="driverQuit(org.testng.ITestResult)[pri:0, instance:testScript.LoginTest@53941c2f]" started-at="2025-05-15T13:51:40 IST" name="driverQuit" finished-at="2025-05-15T13:51:40 IST" duration-ms="138" status="PASS">
          <params>
            <param index="0">
              <value>
                <![CDATA[[TestResult name=verifyUserLoginwithInvalidPassword status=SUCCESS method=LoginTest.verifyUserLoginwithInvalidPassword()[pri:3, instance:testScript.LoginTest@53941c2f] output={null}]]]>
              </value>
            </param>
          </params>
          <reporter-output>
          </reporter-output>
        </test-method> <!-- driverQuit -->
        <test-method is-config="true" signature="initialiseBrowser(java.lang.String)[pri:0, instance:testScript.LoginTest@53941c2f]" started-at="2025-05-15T13:51:40 IST" name="initialiseBrowser" finished-at="2025-05-15T13:51:43 IST" duration-ms="2446" status="PASS">
          <params>
            <param index="0">
              <value>
                <![CDATA[Chrome]]>
              </value>
            </param>
          </params>
          <reporter-output>
          </reporter-output>
        </test-method> <!-- initialiseBrowser -->
        <test-method signature="verifyUserLoginwithInvalidCredentials(java.lang.String,java.lang.String)[pri:4, instance:testScript.LoginTest@53941c2f]" started-at="2025-05-15T13:51:43 IST" name="verifyUserLoginwithInvalidCredentials" description="verifying whether the user is unable to successfully login with Invalid credentials" data-provider="loginProvider" finished-at="2025-05-15T13:51:43 IST" duration-ms="557" status="PASS">
          <params>
            <param index="0">
              <value>
                <![CDATA[123]]>
              </value>
            </param>
            <param index="1">
              <value>
                <![CDATA[admin]]>
              </value>
            </param>
          </params>
          <reporter-output>
          </reporter-output>
        </test-method> <!-- verifyUserLoginwithInvalidCredentials -->
        <test-method is-config="true" signature="driverQuit(org.testng.ITestResult)[pri:0, instance:testScript.LoginTest@53941c2f]" started-at="2025-05-15T13:51:43 IST" name="driverQuit" finished-at="2025-05-15T13:51:43 IST" duration-ms="124" status="PASS">
          <params>
            <param index="0">
              <value>
                <![CDATA[[TestResult name=verifyUserLoginwithInvalidCredentials status=SUCCESS method=LoginTest.verifyUserLoginwithInvalidCredentials(java.lang.String,java.lang.String)[pri:4, instance:testScript.LoginTest@53941c2f] output={null}]]]>
              </value>
            </param>
          </params>
          <reporter-output>
          </reporter-output>
        </test-method> <!-- driverQuit -->
      </class> <!-- testScript.LoginTest -->
      <class name="testScript.ManageCategoryTest">
        <test-method is-config="true" signature="initialiseBrowser(java.lang.String)[pri:0, instance:testScript.ManageCategoryTest@648c94da]" started-at="2025-05-15T13:52:07 IST" name="initialiseBrowser" finished-at="2025-05-15T13:52:09 IST" duration-ms="2426" status="PASS">
          <params>
            <param index="0">
              <value>
                <![CDATA[Chrome]]>
              </value>
            </param>
          </params>
          <reporter-output>
          </reporter-output>
        </test-method> <!-- initialiseBrowser -->
        <test-method signature="verifyWhetherUserIsAbleToCreateNEwCategory()[pri:0, instance:testScript.ManageCategoryTest@648c94da]" started-at="2025-05-15T13:52:09 IST" name="verifyWhetherUserIsAbleToCreateNEwCategory" description="To verify whether user is able to create new category" finished-at="2025-05-15T13:52:12 IST" duration-ms="2844" status="PASS">
          <reporter-output>
          </reporter-output>
        </test-method> <!-- verifyWhetherUserIsAbleToCreateNEwCategory -->
        <test-method is-config="true" signature="driverQuit(org.testng.ITestResult)[pri:0, instance:testScript.ManageCategoryTest@648c94da]" started-at="2025-05-15T13:52:12 IST" name="driverQuit" finished-at="2025-05-15T13:52:12 IST" duration-ms="121" status="PASS">
          <params>
            <param index="0">
              <value>
                <![CDATA[[TestResult name=verifyWhetherUserIsAbleToCreateNEwCategory status=SUCCESS method=ManageCategoryTest.verifyWhetherUserIsAbleToCreateNEwCategory()[pri:0, instance:testScript.ManageCategoryTest@648c94da] output={null}]]]>
              </value>
            </param>
          </params>
          <reporter-output>
          </reporter-output>
        </test-method> <!-- driverQuit -->
      </class> <!-- testScript.ManageCategoryTest -->
      <class name="testScript.ManageNewsTest">
        <test-method is-config="true" signature="initialiseBrowser(java.lang.String)[pri:0, instance:testScript.ManageNewsTest@5e4bd84a]" started-at="2025-05-15T13:51:57 IST" name="initialiseBrowser" finished-at="2025-05-15T13:52:00 IST" duration-ms="2428" status="PASS">
          <params>
            <param index="0">
              <value>
                <![CDATA[Chrome]]>
              </value>
            </param>
          </params>
          <reporter-output>
          </reporter-output>
        </test-method> <!-- initialiseBrowser -->
        <test-method signature="verifyUsercanAddNews()[pri:1, instance:testScript.ManageNewsTest@5e4bd84a]" started-at="2025-05-15T13:52:00 IST" name="verifyUsercanAddNews" description="Verify whether the user is able to successfully add the news" finished-at="2025-05-15T13:52:02 IST" duration-ms="2400" status="PASS">
          <reporter-output>
          </reporter-output>
        </test-method> <!-- verifyUsercanAddNews -->
        <test-method is-config="true" signature="driverQuit(org.testng.ITestResult)[pri:0, instance:testScript.ManageNewsTest@5e4bd84a]" started-at="2025-05-15T13:52:02 IST" name="driverQuit" finished-at="2025-05-15T13:52:02 IST" duration-ms="119" status="PASS">
          <params>
            <param index="0">
              <value>
                <![CDATA[[TestResult name=verifyUsercanAddNews status=SUCCESS method=ManageNewsTest.verifyUsercanAddNews()[pri:1, instance:testScript.ManageNewsTest@5e4bd84a] output={null}]]]>
              </value>
            </param>
          </params>
          <reporter-output>
          </reporter-output>
        </test-method> <!-- driverQuit -->
        <test-method is-config="true" signature="initialiseBrowser(java.lang.String)[pri:0, instance:testScript.ManageNewsTest@5e4bd84a]" started-at="2025-05-15T13:52:02 IST" name="initialiseBrowser" finished-at="2025-05-15T13:52:05 IST" duration-ms="2591" status="PASS">
          <params>
            <param index="0">
              <value>
                <![CDATA[Chrome]]>
              </value>
            </param>
          </params>
          <reporter-output>
          </reporter-output>
        </test-method> <!-- initialiseBrowser -->
        <test-method signature="verifyUsercanSearchNews()[pri:2, instance:testScript.ManageNewsTest@5e4bd84a]" started-at="2025-05-15T13:52:05 IST" name="verifyUsercanSearchNews" description="Verify whether the user is able to successfully search the news" finished-at="2025-05-15T13:52:07 IST" duration-ms="1594" status="PASS">
          <reporter-output>
          </reporter-output>
        </test-method> <!-- verifyUsercanSearchNews -->
        <test-method is-config="true" signature="driverQuit(org.testng.ITestResult)[pri:0, instance:testScript.ManageNewsTest@5e4bd84a]" started-at="2025-05-15T13:52:07 IST" name="driverQuit" finished-at="2025-05-15T13:52:07 IST" duration-ms="124" status="PASS">
          <params>
            <param index="0">
              <value>
                <![CDATA[[TestResult name=verifyUsercanSearchNews status=SUCCESS method=ManageNewsTest.verifyUsercanSearchNews()[pri:2, instance:testScript.ManageNewsTest@5e4bd84a] output={null}]]]>
              </value>
            </param>
          </params>
          <reporter-output>
          </reporter-output>
        </test-method> <!-- driverQuit -->
      </class> <!-- testScript.ManageNewsTest -->
      <class name="testScript.HomeTest">
        <test-method is-config="true" signature="initialiseBrowser(java.lang.String)[pri:0, instance:testScript.HomeTest@344f4dea]" started-at="2025-05-15T13:51:43 IST" name="initialiseBrowser" finished-at="2025-05-15T13:51:46 IST" duration-ms="2313" status="PASS">
          <params>
            <param index="0">
              <value>
                <![CDATA[Chrome]]>
              </value>
            </param>
          </params>
          <reporter-output>
          </reporter-output>
        </test-method> <!-- initialiseBrowser -->
        <test-method signature="verifyUsercanSuccessfullyLogoutAfterLogin()[pri:1, instance:testScript.HomeTest@344f4dea]" started-at="2025-05-15T13:51:46 IST" name="verifyUsercanSuccessfullyLogoutAfterLogin" description="Verify whether the user can able to successfully Logout after login" finished-at="2025-05-15T13:51:47 IST" duration-ms="1556" status="PASS">
          <reporter-output>
          </reporter-output>
        </test-method> <!-- verifyUsercanSuccessfullyLogoutAfterLogin -->
        <test-method is-config="true" signature="driverQuit(org.testng.ITestResult)[pri:0, instance:testScript.HomeTest@344f4dea]" started-at="2025-05-15T13:51:47 IST" name="driverQuit" finished-at="2025-05-15T13:51:47 IST" duration-ms="125" status="PASS">
          <params>
            <param index="0">
              <value>
                <![CDATA[[TestResult name=verifyUsercanSuccessfullyLogoutAfterLogin status=SUCCESS method=HomeTest.verifyUsercanSuccessfullyLogoutAfterLogin()[pri:1, instance:testScript.HomeTest@344f4dea] output={null}]]]>
              </value>
            </param>
          </params>
          <reporter-output>
          </reporter-output>
        </test-method> <!-- driverQuit -->
      </class> <!-- testScript.HomeTest -->
      <class name="testScript.AdminUserTest">
        <test-method is-config="true" signature="initialiseBrowser(java.lang.String)[pri:0, instance:testScript.AdminUserTest@1b7c473a]" started-at="2025-05-15T13:51:47 IST" name="initialiseBrowser" finished-at="2025-05-15T13:51:50 IST" duration-ms="2284" status="PASS">
          <params>
            <param index="0">
              <value>
                <![CDATA[Chrome]]>
              </value>
            </param>
          </params>
          <reporter-output>
          </reporter-output>
        </test-method> <!-- initialiseBrowser -->
        <test-method signature="verifyAdmincanAddaNewUser()[pri:1, instance:testScript.AdminUserTest@1b7c473a]" started-at="2025-05-15T13:51:50 IST" name="verifyAdmincanAddaNewUser" description="verifying whether the admin is able to add new user" finished-at="2025-05-15T13:51:53 IST" duration-ms="3106" status="PASS">
          <reporter-output>
          </reporter-output>
        </test-method> <!-- verifyAdmincanAddaNewUser -->
        <test-method is-config="true" signature="driverQuit(org.testng.ITestResult)[pri:0, instance:testScript.AdminUserTest@1b7c473a]" started-at="2025-05-15T13:51:53 IST" name="driverQuit" finished-at="2025-05-15T13:51:53 IST" duration-ms="125" status="PASS">
          <params>
            <param index="0">
              <value>
                <![CDATA[[TestResult name=verifyAdmincanAddaNewUser status=SUCCESS method=AdminUserTest.verifyAdmincanAddaNewUser()[pri:1, instance:testScript.AdminUserTest@1b7c473a] output={null}]]]>
              </value>
            </param>
          </params>
          <reporter-output>
          </reporter-output>
        </test-method> <!-- driverQuit -->
        <test-method is-config="true" signature="initialiseBrowser(java.lang.String)[pri:0, instance:testScript.AdminUserTest@1b7c473a]" started-at="2025-05-15T13:51:53 IST" name="initialiseBrowser" finished-at="2025-05-15T13:51:55 IST" duration-ms="2380" status="PASS">
          <params>
            <param index="0">
              <value>
                <![CDATA[Chrome]]>
              </value>
            </param>
          </params>
          <reporter-output>
          </reporter-output>
        </test-method> <!-- initialiseBrowser -->
        <test-method signature="verifyAdmincanSearchaUser()[pri:2, instance:testScript.AdminUserTest@1b7c473a]" started-at="2025-05-15T13:51:55 IST" name="verifyAdmincanSearchaUser" description="verifying whether the admin is able to search the user" finished-at="2025-05-15T13:51:57 IST" duration-ms="2104" status="PASS">
          <reporter-output>
          </reporter-output>
        </test-method> <!-- verifyAdmincanSearchaUser -->
        <test-method is-config="true" signature="driverQuit(org.testng.ITestResult)[pri:0, instance:testScript.AdminUserTest@1b7c473a]" started-at="2025-05-15T13:51:57 IST" name="driverQuit" finished-at="2025-05-15T13:51:57 IST" duration-ms="145" status="PASS">
          <params>
            <param index="0">
              <value>
                <![CDATA[[TestResult name=verifyAdmincanSearchaUser status=SUCCESS method=AdminUserTest.verifyAdmincanSearchaUser()[pri:2, instance:testScript.AdminUserTest@1b7c473a] output={null}]]]>
              </value>
            </param>
          </params>
          <reporter-output>
          </reporter-output>
        </test-method> <!-- driverQuit -->
      </class> <!-- testScript.AdminUserTest -->
    </test> <!-- Test -->
  </suite> <!-- Suite -->
</testng-results>
