<?xml version="1.0" encoding="UTF-8"?>
<testng-results ignored="0" total="1" passed="1" failed="0" skipped="0">
  <reporter-output>
  </reporter-output>
  <suite started-at="2025-05-02T21:26:21 IST" name="Default suite" finished-at="2025-05-02T21:26:30 IST" duration-ms="9464">
    <groups>
    </groups>
    <test started-at="2025-05-02T21:26:21 IST" name="Default test" finished-at="2025-05-02T21:26:30 IST" duration-ms="9464">
      <class name="testScript.AdminUserTest">
        <test-method is-config="true" signature="initialiseBrowser()[pri:0, instance:testScript.AdminUserTest@6340e5f0]" started-at="2025-05-02T21:26:21 IST" name="initialiseBrowser" finished-at="2025-05-02T21:26:25 IST" duration-ms="4312" status="PASS">
          <reporter-output>
          </reporter-output>
        </test-method> <!-- initialiseBrowser -->
        <test-method signature="verifyAdmincanAddaNewUser()[pri:0, instance:testScript.AdminUserTest@6340e5f0]" started-at="2025-05-02T21:26:25 IST" name="verifyAdmincanAddaNewUser" finished-at="2025-05-02T21:26:30 IST" duration-ms="4861" status="PASS">
          <reporter-output>
          </reporter-output>
        </test-method> <!-- verifyAdmincanAddaNewUser -->
        <test-method is-config="true" signature="driverQuit(org.testng.ITestResult)[pri:0, instance:testScript.AdminUserTest@6340e5f0]" started-at="2025-05-02T21:26:30 IST" name="driverQuit" finished-at="2025-05-02T21:26:30 IST" duration-ms="215" status="PASS">
          <params>
            <param index="0">
              <value>
                <![CDATA[[TestResult name=verifyAdmincanAddaNewUser status=SUCCESS method=AdminUserTest.verifyAdmincanAddaNewUser()[pri:0, instance:testScript.AdminUserTest@6340e5f0] output={null}]]]>
              </value>
            </param>
          </params>
          <reporter-output>
          </reporter-output>
        </test-method> <!-- driverQuit -->
      </class> <!-- testScript.AdminUserTest -->
    </test> <!-- Default test -->
  </suite> <!-- Default suite -->
</testng-results>
