<?xml version="1.0" encoding="UTF-8"?>
<!-- Generated by org.testng.reporters.JUnitXMLReporter -->
<testsuite ignored="2" hostname="DESKTOP-V42TCMT" failures="0" tests="2" name="test1" time="11.202" errors="0" timestamp="2025-05-09T20:39:08 IST">
  <testcase classname="testScript.LoginTest" name="verifyUserLoginwithInvalidUsername" time="2.051"/>
  <testcase classname="testScript.LoginTest" name="verifyUserLoginwithInvalidPassword" time="1.088"/>
  <testcase classname="testScript.LoginTest" name="verifyUserLoginwithInvalidCredentials" time="0.0">
    <ignored/>
  </testcase> <!-- verifyUserLoginwithInvalidCredentials -->
  <testcase classname="testScript.LoginTest" name="verifyUserLoginwithValidCredentials" time="0.0">
    <ignored/>
  </testcase> <!-- verifyUserLoginwithValidCredentials -->
</testsuite> <!-- test1 -->
