<?xml version="1.0" encoding="UTF-8"?>
<!-- Generated by org.testng.reporters.JUnitXMLReporter -->
<testsuite ignored="3" hostname="DESKTOP-V42TCMT" failures="1" tests="1" name="test2" time="4.019" errors="0" timestamp="2025-05-09T16:33:49 IST">
  <testcase classname="testScript.LoginTest" name="verifyUserLoginwithInvalidPassword" time="0.234">
    <failure type="java.io.IOException" message="Stream Closed">
      <![CDATA[java.io.IOException: Stream Closed
at java.base/java.io.FileInputStream.available0(Native Method)
at java.base/java.io.FileInputStream.available(FileInputStream.java:415)
at java.base/java.io.BufferedInputStream.read(BufferedInputStream.java:351)
at java.base/java.io.FilterInputStream.read(FilterInputStream.java:132)
at java.base/java.io.PushbackInputStream.read(PushbackInputStream.java:182)
at org.apache.commons.compress.archivers.zip.ZipArchiveInputStream.realSkip(ZipArchiveInputStream.java:1194)
at org.apache.commons.compress.archivers.zip.ZipArchiveInputStream.skipRemainderOfArchive(ZipArchiveInputStream.java:1126)
at org.apache.commons.compress.archivers.zip.ZipArchiveInputStream.getNextZipEntry(ZipArchiveInputStream.java:293)
at org.apache.poi.openxml4j.util.ZipArchiveThresholdInputStream.getNextEntry(ZipArchiveThresholdInputStream.java:152)
at org.apache.poi.openxml4j.util.ZipInputStreamZipEntrySource.<init>(ZipInputStreamZipEntrySource.java:94)
at org.apache.poi.openxml4j.opc.ZipPackage.<init>(ZipPackage.java:132)
at org.apache.poi.openxml4j.opc.OPCPackage.open(OPCPackage.java:319)
at org.apache.poi.ooxml.util.PackageHelper.open(PackageHelper.java:59)
at org.apache.poi.xssf.usermodel.XSSFWorkbook.<init>(XSSFWorkbook.java:290)
at org.apache.poi.xssf.usermodel.XSSFWorkbook.<init>(XSSFWorkbook.java:286)
at utilities.ExcelUtility.readStringData(ExcelUtility.java:26)
at testScript.LoginTest.verifyUserLoginwithInvalidPassword(LoginTest.java:45)
at java.base/java.util.ArrayList.forEach(ArrayList.java:1511)
at java.base/java.util.concurrent.FutureTask.run(FutureTask.java:264)
at java.base/java.util.concurrent.ThreadPoolExecutor.runWorker(ThreadPoolExecutor.java:1136)
at java.base/java.util.concurrent.ThreadPoolExecutor$Worker.run(ThreadPoolExecutor.java:635)
at java.base/java.lang.Thread.run(Thread.java:833)
... Removed 17 stack frames]]>
    </failure>
  </testcase> <!-- verifyUserLoginwithInvalidPassword -->
  <testcase classname="testScript.LoginTest" name="verifyUserLoginwithInvalidUsername" time="0.0">
    <ignored/>
  </testcase> <!-- verifyUserLoginwithInvalidUsername -->
  <testcase classname="testScript.LoginTest" name="verifyUserLoginwithInvalidCredentials" time="0.0">
    <ignored/>
  </testcase> <!-- verifyUserLoginwithInvalidCredentials -->
  <testcase classname="testScript.LoginTest" name="verifyUserLoginwithValidCredentials" time="0.0">
    <ignored/>
  </testcase> <!-- verifyUserLoginwithValidCredentials -->
</testsuite> <!-- test2 -->
