<?xml version="1.0" encoding="UTF-8"?>
<!-- Generated by org.testng.reporters.JUnitXMLReporter -->
<testsuite ignored="3" hostname="DESKTOP-V42TCMT" failures="0" tests="1" name="test2" time="9.845" errors="0" timestamp="2025-05-09T20:43:55 IST">
  <testcase classname="testScript.LoginTest" name="verifyUserLoginwithInvalidPassword" time="1.106"/>
  <testcase classname="testScript.LoginTest" name="verifyUserLoginwithInvalidUsername" time="0.0">
    <ignored/>
  </testcase> <!-- verifyUserLoginwithInvalidUsername -->
  <testcase classname="testScript.LoginTest" name="verifyUserLoginwithInvalidCredentials" time="0.0">
    <ignored/>
  </testcase> <!-- verifyUserLoginwithInvalidCredentials -->
  <testcase classname="testScript.LoginTest" name="verifyUserLoginwithValidCredentials" time="0.0">
    <ignored/>
  </testcase> <!-- verifyUserLoginwithValidCredentials -->
</testsuite> <!-- test2 -->
